2025-04-13 22:53:26.907830 - Received CBT.V508.FILE795.PDS from FILE795.XMI 
2025-04-13 22:53:26.909018 - Found $$$#DATE.txt (text/plain) in CBT.V508.FILE795.PDS, moved to PDS/$$$#DATE
2025-04-13 22:53:26.909135 - Found $$$NOTE.txt (text/plain) in CBT.V508.FILE795.PDS, moved to PDS/$$$NOTE
2025-04-13 22:53:26.909237 - Found $$NOTE1.html (text/html) in CBT.V508.FILE795.PDS, moved to PDS/$$NOTE1
2025-04-13 22:53:26.909352 - Found @FILE795.txt (text/plain) in CBT.V508.FILE795.PDS, moved to PDS/@FILE795
2025-04-13 22:53:26.914731 - Found GIF.xmi (application/xmit) in CBT.V508.FILE795.PDS, moved to PDS/GIF.xmi
2025-04-13 22:53:27.234660 - Received RLRICE.GIF.CBT from GIF.xmi 
2025-04-13 22:53:27.236149 - Found HAWAII01.jpg (image/jpeg) in RLRICE.GIF.CBT, moved to GIF/HAWAII01
2025-04-13 22:53:27.236254 - Found HAWAII02.jpg (image/jpeg) in RLRICE.GIF.CBT, moved to GIF/HAWAII02
2025-04-13 22:53:27.236373 - Found HAWAII03.jpg (image/jpeg) in RLRICE.GIF.CBT, moved to GIF/HAWAII03
2025-04-13 22:53:27.236570 - Found HAWAII04.jpg (image/jpeg) in RLRICE.GIF.CBT, moved to GIF/HAWAII04
2025-04-13 22:53:27.236807 - Found HAWAII06.jpg (image/jpeg) in RLRICE.GIF.CBT, moved to GIF/HAWAII06
2025-04-13 22:53:27.237010 - Found HAWAII07.jpg (image/jpeg) in RLRICE.GIF.CBT, moved to GIF/HAWAII07
2025-04-13 22:53:27.237226 - Found HAWAII08.jpg (image/jpeg) in RLRICE.GIF.CBT, moved to GIF/HAWAII08
2025-04-13 22:53:27.237400 - Found HAWAII09.jpg (image/jpeg) in RLRICE.GIF.CBT, moved to GIF/HAWAII09
2025-04-13 22:53:27.237571 - Found HAWAII10.jpg (image/jpeg) in RLRICE.GIF.CBT, moved to GIF/HAWAII10
2025-04-13 22:53:27.237951 - Found HAWAII11.jpg (image/jpeg) in RLRICE.GIF.CBT, moved to GIF/HAWAII11
2025-04-13 22:53:27.238074 - Found HAWAII12.jpg (image/jpeg) in RLRICE.GIF.CBT, moved to GIF/HAWAII12
2025-04-13 22:53:27.238176 - Found HAWAII13.jpg (image/jpeg) in RLRICE.GIF.CBT, moved to GIF/HAWAII13
2025-04-13 22:53:27.238264 - Found HAWAII14.jpg (image/jpeg) in RLRICE.GIF.CBT, moved to GIF/HAWAII14
2025-04-13 22:53:27.238351 - Found HAWAII15.jpg (image/jpeg) in RLRICE.GIF.CBT, moved to GIF/HAWAII15
2025-04-13 22:53:27.238455 - Found HAWAII16.jpg (image/jpeg) in RLRICE.GIF.CBT, moved to GIF/HAWAII16
2025-04-13 22:53:27.238573 - Found HAWAII20.jpg (image/jpeg) in RLRICE.GIF.CBT, moved to GIF/HAWAII20
2025-04-13 22:53:27.238680 - Found HAWAII21.jpg (image/jpeg) in RLRICE.GIF.CBT, moved to GIF/HAWAII21
2025-04-13 22:53:27.238782 - Found HAWAII22.jpg (image/jpeg) in RLRICE.GIF.CBT, moved to GIF/HAWAII22
2025-04-13 22:53:27.238873 - Found HAWAII23.jpg (image/jpeg) in RLRICE.GIF.CBT, moved to GIF/HAWAII23
2025-04-13 22:53:27.238964 - Found HAWAII24.jpg (image/jpeg) in RLRICE.GIF.CBT, moved to GIF/HAWAII24
2025-04-13 22:53:27.239086 - Found HAWAII30.jpg (image/jpeg) in RLRICE.GIF.CBT, moved to GIF/HAWAII30
2025-04-13 22:53:27.239178 - Found HAWAII31.jpg (image/jpeg) in RLRICE.GIF.CBT, moved to GIF/HAWAII31
2025-04-13 22:53:27.239264 - Found HAWAII32.jpg (image/jpeg) in RLRICE.GIF.CBT, moved to GIF/HAWAII32
2025-04-13 22:53:27.239361 - Found HAWAII33.jpg (image/jpeg) in RLRICE.GIF.CBT, moved to GIF/HAWAII33
2025-04-13 22:53:27.239838 - Found HAWAII34.jpg (image/jpeg) in RLRICE.GIF.CBT, moved to GIF/HAWAII34
2025-04-13 22:53:27.240003 - Found HAWAII35.jpg (image/jpeg) in RLRICE.GIF.CBT, moved to GIF/HAWAII35
2025-04-13 22:53:27.240293 - Found HAWAII36.jpg (image/jpeg) in RLRICE.GIF.CBT, moved to GIF/HAWAII36
2025-04-13 22:53:27.240505 - Found HAWAII37.jpg (image/jpeg) in RLRICE.GIF.CBT, moved to GIF/HAWAII37
2025-04-13 22:53:27.240777 - Found HAWAII38.jpg (image/jpeg) in RLRICE.GIF.CBT, moved to GIF/HAWAII38
2025-04-13 22:53:27.240887 - Found HAWAII39.jpg (image/jpeg) in RLRICE.GIF.CBT, moved to GIF/HAWAII39
2025-04-13 22:53:27.241043 - Found HAWAII40.jpg (image/jpeg) in RLRICE.GIF.CBT, moved to GIF/HAWAII40
2025-04-13 22:53:27.241150 - Found HAWAII41.jpg (image/jpeg) in RLRICE.GIF.CBT, moved to GIF/HAWAII41
2025-04-13 22:53:27.241746 - Found HAWAII42.jpg (image/jpeg) in RLRICE.GIF.CBT, moved to GIF/HAWAII42
2025-04-13 22:53:27.242081 - Found HAWAII43.jpg (image/jpeg) in RLRICE.GIF.CBT, moved to GIF/HAWAII43
2025-04-13 22:53:27.242306 - Found HAWAII44.jpg (image/jpeg) in RLRICE.GIF.CBT, moved to GIF/HAWAII44
2025-04-13 22:53:27.242564 - Found HAWAII45.jpg (image/jpeg) in RLRICE.GIF.CBT, moved to GIF/HAWAII45
2025-04-13 22:53:27.242843 - Found HAWAII46.jpg (image/jpeg) in RLRICE.GIF.CBT, moved to GIF/HAWAII46
2025-04-13 22:53:27.243073 - Found HAWAII47.jpg (image/jpeg) in RLRICE.GIF.CBT, moved to GIF/HAWAII47
2025-04-13 22:53:27.243306 - Found HAWAII48.jpg (image/jpeg) in RLRICE.GIF.CBT, moved to GIF/HAWAII48
2025-04-13 22:53:27.243480 - Found HAWAII49.jpg (image/jpeg) in RLRICE.GIF.CBT, moved to GIF/HAWAII49
2025-04-13 22:53:27.243648 - Found HAWAII50.jpg (image/jpeg) in RLRICE.GIF.CBT, moved to GIF/HAWAII50
2025-04-13 22:53:27.243765 - Found HOTAIR01.jpg (image/jpeg) in RLRICE.GIF.CBT, moved to GIF/HOTAIR01
2025-04-13 22:53:27.243899 - Found HOTAIR02.jpg (image/jpeg) in RLRICE.GIF.CBT, moved to GIF/HOTAIR02
2025-04-13 22:53:27.244035 - Found HOTAIR03.jpg (image/jpeg) in RLRICE.GIF.CBT, moved to GIF/HOTAIR03
2025-04-13 22:53:27.244157 - Found HOTAIR04.jpg (image/jpeg) in RLRICE.GIF.CBT, moved to GIF/HOTAIR04
2025-04-13 22:53:27.244287 - Found HOTAIR05.jpg (image/jpeg) in RLRICE.GIF.CBT, moved to GIF/HOTAIR05
2025-04-13 22:53:27.244439 - Found HOTAIR06.jpg (image/jpeg) in RLRICE.GIF.CBT, moved to GIF/HOTAIR06
2025-04-13 22:53:27.244540 - Found HOTAIR07.jpg (image/jpeg) in RLRICE.GIF.CBT, moved to GIF/HOTAIR07
2025-04-13 22:53:27.244676 - Found HOTAIR08.jpg (image/jpeg) in RLRICE.GIF.CBT, moved to GIF/HOTAIR08
2025-04-13 22:53:27.244799 - Found HOTAIR09.jpg (image/jpeg) in RLRICE.GIF.CBT, moved to GIF/HOTAIR09
2025-04-13 22:53:27.244915 - Found HOTAIR10.jpg (image/jpeg) in RLRICE.GIF.CBT, moved to GIF/HOTAIR10
2025-04-13 22:53:27.245034 - Found HOTAIR11.jpg (image/jpeg) in RLRICE.GIF.CBT, moved to GIF/HOTAIR11
2025-04-13 22:53:27.245115 - Found HOTAIR12.jpg (image/jpeg) in RLRICE.GIF.CBT, moved to GIF/HOTAIR12
2025-04-13 22:53:27.245191 - Found HOTAIR13.jpg (image/jpeg) in RLRICE.GIF.CBT, moved to GIF/HOTAIR13
2025-04-13 22:53:27.246702 - Found HTML.xmi (application/xmit) in CBT.V508.FILE795.PDS, moved to PDS/HTML.xmi
2025-04-13 22:53:27.261343 - Received RLRICE.HTML.CBT from HTML.xmi 
2025-04-13 22:53:27.261839 - Found HAWAII.txt (text/plain) in RLRICE.HTML.CBT, moved to HTML/HAWAII
2025-04-13 22:53:27.261910 - Found MENU.txt (text/plain) in RLRICE.HTML.CBT, moved to HTML/MENU
2025-04-13 22:53:27.262191 - Found JCL.xmi (application/xmit) in CBT.V508.FILE795.PDS, moved to PDS/JCL.xmi
2025-04-13 22:53:27.318618 - Received RLRICE.HTTP.JCL.CBT from JCL.xmi 
2025-04-13 22:53:27.319407 - Found $INSTALL.txt (text/plain) in RLRICE.HTTP.JCL.CBT, moved to JCL/$INSTALL
2025-04-13 22:53:27.319480 - Found APP1.jcl (text/plain) in RLRICE.HTTP.JCL.CBT, moved to JCL/APP1
2025-04-13 22:53:27.319542 - Found APP2.jcl (text/plain) in RLRICE.HTTP.JCL.CBT, moved to JCL/APP2
2025-04-13 22:53:27.319599 - Found APP3.jcl (text/plain) in RLRICE.HTTP.JCL.CBT, moved to JCL/APP3
2025-04-13 22:53:27.319657 - Found ASMAPP1.jcl (text/plain) in RLRICE.HTTP.JCL.CBT, moved to JCL/ASMAPP1
2025-04-13 22:53:27.319713 - Found ASMAPP2.jcl (text/plain) in RLRICE.HTTP.JCL.CBT, moved to JCL/ASMAPP2
2025-04-13 22:53:27.319770 - Found ASMAPP3.jcl (text/plain) in RLRICE.HTTP.JCL.CBT, moved to JCL/ASMAPP3
2025-04-13 22:53:27.319827 - Found ASMLINK.jcl (text/plain) in RLRICE.HTTP.JCL.CBT, moved to JCL/ASMLINK
2025-04-13 22:53:27.319883 - Found ASMSUB.jcl (text/plain) in RLRICE.HTTP.JCL.CBT, moved to JCL/ASMSUB
2025-04-13 22:53:27.319938 - Found MAIN.jcl (text/plain) in RLRICE.HTTP.JCL.CBT, moved to JCL/MAIN
2025-04-13 22:53:27.320281 - Found MACROLIB.xmi (application/xmit) in CBT.V508.FILE795.PDS, moved to PDS/MACROLIB.xmi
2025-04-13 22:53:27.462182 - Received RLRICE.HTTP.MACLIB.CBT from MACROLIB.xmi 
2025-04-13 22:53:27.463617 - Found APPPARM.txt (text/plain) in RLRICE.HTTP.MACLIB.CBT, moved to MACROLIB/APPPARM
2025-04-13 22:53:27.463686 - Found ATOE.txt (text/plain) in RLRICE.HTTP.MACLIB.CBT, moved to MACROLIB/ATOE
2025-04-13 22:53:27.463746 - Found CLIENT.txt (text/plain) in RLRICE.HTTP.MACLIB.CBT, moved to MACROLIB/CLIENT
2025-04-13 22:53:27.463804 - Found COBPARM.bin (application/octet-stream) in RLRICE.HTTP.MACLIB.CBT, moved to MACROLIB/COBPARM
2025-04-13 22:53:27.463873 - Found COMMON.txt (text/plain) in RLRICE.HTTP.MACLIB.CBT, moved to MACROLIB/COMMON
2025-04-13 22:53:27.463936 - Found DAIRBLOK.txt (text/plain) in RLRICE.HTTP.MACLIB.CBT, moved to MACROLIB/DAIRBLOK
2025-04-13 22:53:27.463995 - Found ETOA.txt (text/plain) in RLRICE.HTTP.MACLIB.CBT, moved to MACROLIB/ETOA
2025-04-13 22:53:27.464052 - Found ITRACE.txt (text/plain) in RLRICE.HTTP.MACLIB.CBT, moved to MACROLIB/ITRACE
2025-04-13 22:53:27.464115 - Found ITRACEO.txt (text/plain) in RLRICE.HTTP.MACLIB.CBT, moved to MACROLIB/ITRACEO
2025-04-13 22:53:27.464172 - Found LOGBLOK.txt (text/plain) in RLRICE.HTTP.MACLIB.CBT, moved to MACROLIB/LOGBLOK
2025-04-13 22:53:27.464228 - Found MODPRFX.txt (text/plain) in RLRICE.HTTP.MACLIB.CBT, moved to MACROLIB/MODPRFX
2025-04-13 22:53:27.464284 - Found NETBLOK.txt (text/plain) in RLRICE.HTTP.MACLIB.CBT, moved to MACROLIB/NETBLOK
2025-04-13 22:53:27.464339 - Found PRTBLOK.txt (text/plain) in RLRICE.HTTP.MACLIB.CBT, moved to MACROLIB/PRTBLOK
2025-04-13 22:53:27.464394 - Found REGEQU.txt (text/plain) in RLRICE.HTTP.MACLIB.CBT, moved to MACROLIB/REGEQU
2025-04-13 22:53:27.464451 - Found SERVBLOK.txt (text/plain) in RLRICE.HTTP.MACLIB.CBT, moved to MACROLIB/SERVBLOK
2025-04-13 22:53:27.464511 - Found STDSAVE.txt (text/plain) in RLRICE.HTTP.MACLIB.CBT, moved to MACROLIB/STDSAVE
2025-04-13 22:53:27.464567 - Found SUBPARM.txt (text/plain) in RLRICE.HTTP.MACLIB.CBT, moved to MACROLIB/SUBPARM
2025-04-13 22:53:27.464621 - Found TRENTRY.txt (text/plain) in RLRICE.HTTP.MACLIB.CBT, moved to MACROLIB/TRENTRY
2025-04-13 22:53:27.464678 - Found URL.txt (text/plain) in RLRICE.HTTP.MACLIB.CBT, moved to MACROLIB/URL
2025-04-13 22:53:27.464734 - Found URLREQ.txt (text/plain) in RLRICE.HTTP.MACLIB.CBT, moved to MACROLIB/URLREQ
2025-04-13 22:53:27.464789 - Found URLSERV.txt (text/plain) in RLRICE.HTTP.MACLIB.CBT, moved to MACROLIB/URLSERV
2025-04-13 22:53:27.464848 - Found WEBURL.txt (text/plain) in RLRICE.HTTP.MACLIB.CBT, moved to MACROLIB/WEBURL
2025-04-13 22:53:27.465991 - Found SRCLIB.xmi (application/xmit) in CBT.V508.FILE795.PDS, moved to PDS/SRCLIB.xmi
2025-04-13 22:53:27.841256 - Received RLRICE.HTTP.SOURCE.CBT from SRCLIB.xmi 
2025-04-13 22:53:27.843569 - Found $APP.txt (text/plain) in RLRICE.HTTP.SOURCE.CBT, moved to SRCLIB/$APP
2025-04-13 22:53:27.843678 - Found $DOC.txt (text/plain) in RLRICE.HTTP.SOURCE.CBT, moved to SRCLIB/$DOC
2025-04-13 22:53:27.843744 - Found $HTTPURL.txt (text/plain) in RLRICE.HTTP.SOURCE.CBT, moved to SRCLIB/$HTTPURL
2025-04-13 22:53:27.843812 - Found $INNARDS.txt (text/plain) in RLRICE.HTTP.SOURCE.CBT, moved to SRCLIB/$INNARDS
2025-04-13 22:53:27.843872 - Found $WEBURL.txt (text/plain) in RLRICE.HTTP.SOURCE.CBT, moved to SRCLIB/$WEBURL
2025-04-13 22:53:27.843945 - Found APP2ACT.txt (text/plain) in RLRICE.HTTP.SOURCE.CBT, moved to SRCLIB/APP2ACT
2025-04-13 22:53:27.844013 - Found APP2APF.txt (text/plain) in RLRICE.HTTP.SOURCE.CBT, moved to SRCLIB/APP2APF
2025-04-13 22:53:27.844081 - Found APP2IPL.txt (text/plain) in RLRICE.HTTP.SOURCE.CBT, moved to SRCLIB/APP2IPL
2025-04-13 22:53:27.844143 - Found APP2LLA.txt (text/plain) in RLRICE.HTTP.SOURCE.CBT, moved to SRCLIB/APP2LLA
2025-04-13 22:53:27.844213 - Found APP3APP1.txt (text/plain) in RLRICE.HTTP.SOURCE.CBT, moved to SRCLIB/APP3APP1
2025-04-13 22:53:27.844343 - Found HTTPAPP1.txt (text/plain) in RLRICE.HTTP.SOURCE.CBT, moved to SRCLIB/HTTPAPP1
2025-04-13 22:53:27.844436 - Found HTTPAPP2.txt (text/plain) in RLRICE.HTTP.SOURCE.CBT, moved to SRCLIB/HTTPAPP2
2025-04-13 22:53:27.844518 - Found HTTPAPP3.txt (text/plain) in RLRICE.HTTP.SOURCE.CBT, moved to SRCLIB/HTTPAPP3
2025-04-13 22:53:27.844584 - Found HTTPCOMM.txt (text/plain) in RLRICE.HTTP.SOURCE.CBT, moved to SRCLIB/HTTPCOMM
2025-04-13 22:53:27.844664 - Found HTTPCONS.txt (text/plain) in RLRICE.HTTP.SOURCE.CBT, moved to SRCLIB/HTTPCONS
2025-04-13 22:53:27.844739 - Found HTTPDAIR.txt (text/plain) in RLRICE.HTTP.SOURCE.CBT, moved to SRCLIB/HTTPDAIR
2025-04-13 22:53:27.844809 - Found HTTPINDX.txt (text/plain) in RLRICE.HTTP.SOURCE.CBT, moved to SRCLIB/HTTPINDX
2025-04-13 22:53:27.844888 - Found HTTPINIT.txt (text/plain) in RLRICE.HTTP.SOURCE.CBT, moved to SRCLIB/HTTPINIT
2025-04-13 22:53:27.844985 - Found HTTPLOCL.txt (text/plain) in RLRICE.HTTP.SOURCE.CBT, moved to SRCLIB/HTTPLOCL
2025-04-13 22:53:27.845050 - Found HTTPLOG.txt (text/plain) in RLRICE.HTTP.SOURCE.CBT, moved to SRCLIB/HTTPLOG
2025-04-13 22:53:27.845122 - Found HTTPMAIN.txt (text/plain) in RLRICE.HTTP.SOURCE.CBT, moved to SRCLIB/HTTPMAIN
2025-04-13 22:53:27.845199 - Found HTTPPARM.txt (text/plain) in RLRICE.HTTP.SOURCE.CBT, moved to SRCLIB/HTTPPARM
2025-04-13 22:53:27.845269 - Found HTTPPRT.txt (text/plain) in RLRICE.HTTP.SOURCE.CBT, moved to SRCLIB/HTTPPRT
2025-04-13 22:53:27.845390 - Found HTTPSERV.txt (text/plain) in RLRICE.HTTP.SOURCE.CBT, moved to SRCLIB/HTTPSERV
2025-04-13 22:53:27.845462 - Found HTTPSKEL.txt (text/plain) in RLRICE.HTTP.SOURCE.CBT, moved to SRCLIB/HTTPSKEL
2025-04-13 22:53:27.845543 - Found HTTPSNAP.txt (text/plain) in RLRICE.HTTP.SOURCE.CBT, moved to SRCLIB/HTTPSNAP
2025-04-13 22:53:27.845606 - Found HTTPSORT.txt (text/plain) in RLRICE.HTTP.SOURCE.CBT, moved to SRCLIB/HTTPSORT
2025-04-13 22:53:27.845674 - Found HTTPSTAE.txt (text/plain) in RLRICE.HTTP.SOURCE.CBT, moved to SRCLIB/HTTPSTAE
2025-04-13 22:53:27.845766 - Found HTTPSUB.txt (text/plain) in RLRICE.HTTP.SOURCE.CBT, moved to SRCLIB/HTTPSUB
2025-04-13 22:53:27.845862 - Found HTTPTCP.txt (text/plain) in RLRICE.HTTP.SOURCE.CBT, moved to SRCLIB/HTTPTCP
2025-04-13 22:53:27.845934 - Found HTTPTERM.txt (text/plain) in RLRICE.HTTP.SOURCE.CBT, moved to SRCLIB/HTTPTERM
2025-04-13 22:53:27.846009 - Found HTTPTEST.txt (text/plain) in RLRICE.HTTP.SOURCE.CBT, moved to SRCLIB/HTTPTEST
2025-04-13 22:53:27.846082 - Found HTTPURL.txt (text/plain) in RLRICE.HTTP.SOURCE.CBT, moved to SRCLIB/HTTPURL
2025-04-13 22:53:27.846230 - Found HTTPWEB.txt (text/plain) in RLRICE.HTTP.SOURCE.CBT, moved to SRCLIB/HTTPWEB
2025-04-13 22:53:27.846309 - Found SUB0001.txt (text/plain) in RLRICE.HTTP.SOURCE.CBT, moved to SRCLIB/SUB0001
